9/20/2016 11:09:48 AM, Info: Initializing SIMPLSharp Services...
9/20/2016 11:09:49 AM, Info: ProjectInfo successfully initialized.
9/20/2016 11:09:51 AM, Info: Verifying archive C:\Users\Patrick Liedtke\Desktop\Working SVN\Watson\Watson MC3\SPlsWork\AffinityClientConnection.clz...
9/20/2016 11:09:56 AM, Info: Saving project information...
9/20/2016 11:09:57 AM, Info: Verifying archive C:\Users\Patrick Liedtke\Desktop\Working SVN\Watson\Watson MC3\SPlsWork\AffinityClientConnection.clz...
9/20/2016 11:10:01 AM, Info: Saving project information...
9/20/2016 11:10:02 AM, Info: Commiting verification transaction...
9/20/2016 11:10:02 AM, Info: Saving project information...
9/20/2016 11:10:40 AM, Info: Initializing SIMPLSharp Services...
9/20/2016 11:10:40 AM, Info: ProjectInfo successfully initialized.
9/20/2016 11:10:43 AM, Info: Verifying archive C:\Users\Patrick Liedtke\Desktop\Working SVN\Watson\Watson MC3\SPlsWork\AffinityClientConnection.clz...
9/20/2016 11:10:46 AM, Info: Saving project information...
9/20/2016 11:10:47 AM, Info: Verifying archive C:\Users\Patrick Liedtke\Desktop\Working SVN\Watson\Watson MC3\SPlsWork\AffinityClientConnection.clz...
9/20/2016 11:10:48 AM, Info: Saving project information...
9/20/2016 11:10:50 AM, Info: Commiting verification transaction...
9/20/2016 11:10:50 AM, Info: Saving project information...
9/20/2016 11:12:14 AM, Info: Initializing SIMPLSharp Services...
9/20/2016 11:12:14 AM, Info: ProjectInfo successfully initialized.
9/20/2016 11:12:17 AM, Info: Verifying archive C:\Users\Patrick Liedtke\Desktop\Working SVN\Watson\Watson MC3\SPlsWork\AffinityClientConnection.clz...
9/20/2016 11:12:19 AM, Info: Saving project information...
9/20/2016 11:12:21 AM, Info: Commiting verification transaction...
9/20/2016 11:12:21 AM, Info: Saving project information...
9/20/2016 11:12:26 AM, Info: Initializing SIMPLSharp Services...
9/20/2016 11:12:26 AM, Info: ProjectInfo successfully initialized.
9/20/2016 11:12:28 AM, Info: Verifying archive C:\Users\Patrick Liedtke\Desktop\Working SVN\Watson\Watson MC3\SPlsWork\AffinityClientConnection.clz...
9/20/2016 11:12:30 AM, Info: Saving project information...
9/20/2016 11:12:32 AM, Info: Commiting verification transaction...
9/20/2016 11:12:32 AM, Info: Saving project information...
9/20/2016 1:18:47 PM, Info: Initializing SIMPLSharp Services...
9/20/2016 1:18:47 PM, Info: ProjectInfo successfully initialized.
9/20/2016 1:18:50 PM, Info: Verifying archive C:\Users\Patrick Liedtke\Desktop\Working SVN\Watson\Watson MC3\SPlsWork\AffinityClientConnection.clz...
9/20/2016 1:18:51 PM, Info: Saving project information...
9/20/2016 1:18:54 PM, Info: Commiting verification transaction...
9/20/2016 1:18:54 PM, Info: Saving project information...
9/20/2016 1:37:41 PM, Info: Terminating SIMPLSharp Services
9/20/2016 1:37:41 PM, Info: Saving project information...
9/20/2016 1:37:41 PM, Info: Terminating SIMPLSharp Services
9/20/2016 1:37:41 PM, Info: Saving project information...
9/20/2016 1:37:41 PM, Info: Terminating SIMPLSharp Services
9/20/2016 1:37:41 PM, Info: Saving project information...
9/20/2016 1:37:41 PM, Info: Terminating SIMPLSharp Services
9/20/2016 1:37:41 PM, Info: Saving project information...
9/20/2016 1:37:41 PM, Info: Terminating SIMPLSharp Services
